<?xml version="1.0" encoding="UTF-8"?>
<!-- Generated by org.testng.reporters.JUnitXMLReporter -->
<testsuite hostname="DESKTOP-25I7L6M" ignored="0" name="Free CRM Test Cases" tests="10" failures="0" timestamp="2021-02-07T10:33:54 IST" time="221.789" errors="0">
  <testcase name="verifyContactsPageLable" time="0.521" classname="com.crm.qa.testcases.ContactsPageTest"/>
  <testcase name="selectContactsTest" time="1.724" classname="com.crm.qa.testcases.ContactsPageTest"/>
  <testcase name="validateCreateNewContact" time="8.952" classname="com.crm.qa.testcases.ContactsPageTest"/>
  <testcase name="validateCreateNewContact" time="8.622" classname="com.crm.qa.testcases.ContactsPageTest"/>
  <testcase name="validateCreateNewContact" time="8.402" classname="com.crm.qa.testcases.ContactsPageTest"/>
  <testcase name="verifyHomePageTitleTest" time="0.043" classname="com.crm.qa.testcases.HomePageTest"/>
  <testcase name="verifyUserNameTest" time="2.211" classname="com.crm.qa.testcases.HomePageTest"/>
  <testcase name="verifyContactsLinkTest" time="2.252" classname="com.crm.qa.testcases.HomePageTest"/>
  <testcase name="loginPageTitleTest" time="0.021" classname="com.crm.qa.testcases.LoginPageTest"/>
  <testcase name="loginTest" time="0.987" classname="com.crm.qa.testcases.LoginPageTest"/>
</testsuite> <!-- Free CRM Test Cases -->
