<?xml version="1.0" encoding="UTF-8"?>
<testsuite xmlns:xsi="http://www.w3.org/2001/XMLSchema-instance" xsi:noNamespaceSchemaLocation="https://maven.apache.org/surefire/maven-surefire-plugin/xsd/surefire-test-report.xsd" name="TestSuite" time="1,402.73" tests="18" errors="0" skipped="10" failures="2">
  <properties>
[...]
</properties>
  <testcase name="verifyContactsPageLable" classname="com.crm.qa.testcases.ContactsPageTest" time="1.403"/>
  <testcase name="selectContactsTest" classname="com.crm.qa.testcases.ContactsPageTest" time="1.322"/>
  <testcase name="validateCreateNewContact" classname="com.crm.qa.testcases.ContactsPageTest" time="12.297"/>
  <testcase name="validateCreateNewContact" classname="com.crm.qa.testcases.ContactsPageTest" time="0">
    <skipped message="session not created&#10;from timeout: Timed out receiving message from renderer: 600.000&#10;  (Session info: chrome=88.0.4324.150)&#10;Build info: version: &apos;3.141.59&apos;, revision: &apos;e82be7d358&apos;, time: &apos;2018-11-14T08:17:03&apos;&#10;System info: host: &apos;DESKTOP-25I7L6M&apos;, ip: &apos;192.168.43.132&apos;, os.name: &apos;Windows 10&apos;, os.arch: &apos;amd64&apos;, os.version: &apos;10.0&apos;, java.version: &apos;1.8.0_251&apos;&#10;Driver info: driver.version: ChromeDriver&#10;remote stacktrace: Backtrace:&#10;	GetHandleVerifier [0x008BB963+483]&#10;	GetHandleVerifier [0x008BB941+449]&#10;	GetHandleVerifier [0x00C63308+3832712]&#10;	GetHandleVerifier [0x00C5778C+3784716]&#10;	GetHandleVerifier [0x00C56A47+3781319]&#10;	GetHandleVerifier [0x00C56E36+3782326]&#10;	GetHandleVerifier [0x00C56765+3780581]&#10;	GetHandleVerifier [0x00C5FB21+3818401]&#10;	GetHandleVerifier [0x00C56721+3780513]&#10;	GetHandleVerifier [0x00C574B2+3783986]&#10;	GetHandleVerifier [0x00C56A47+3781319]&#10;	GetHandleVerifier [0x00C56E36+3782326]&#10;	GetHandleVerifier [0x00C56765+3780581]&#10;	GetHandleVerifier [0x00C5DF9C+3811356]&#10;	GetHandleVerifier [0x00C56721+3780513]&#10;	GetHandleVerifier [0x00C574B2+3783986]&#10;	GetHandleVerifier [0x00C56A47+3781319]&#10;	GetHandleVerifier [0x00C56E36+3782326]&#10;	GetHandleVerifier [0x00C56765+3780581]&#10;	GetHandleVerifier [0x00C5C392+3804178]&#10;	GetHandleVerifier [0x00C56721+3780513]&#10;	GetHandleVerifier [0x00C574B2+3783986]&#10;	GetHandleVerifier [0x00C56A47+3781319]&#10;	GetHandleVerifier [0x00C56E36+3782326]&#10;	GetHandleVerifier [0x00C56765+3780581]&#10;	GetHandleVerifier [0x00C5B655+3800789]&#10;	GetHandleVerifier [0x00C56721+3780513]&#10;	GetHandleVerifier [0x00C574B2+3783986]&#10;	GetHandleVerifier [0x00C56A47+3781319]&#10;	GetHandleVerifier [0x00C56E36+3782326]&#10;	GetHandleVerifier [0x00C56765+3780581]&#10;	GetHandleVerifier [0x00C52F46+3766214]&#10;	GetHandleVerifier [0x00C56721+3780513]&#10;	GetHandleVerifier [0x00C56543+3780035]&#10;	GetHandleVerifier [0x00C56337+3779511]&#10;	GetHandleVerifier [0x00C64540+3837376]&#10;	GetHandleVerifier [0x00C9F4BC+4078908]&#10;	GetHandleVerifier [0x00C9E56C+4074988]&#10;	GetHandleVerifier [0x00C9B2EB+4062059]&#10;	GetHandleVerifier [0x00C7ED14+3945876]&#10;	GetHandleVerifier [0x00C7FBCE+3949646]&#10;	GetHandleVerifier [0x00C7FB59+3949529]&#10;	Ordinal0 [0x0087B5CC+46540]&#10;	Ordinal0 [0x00879F53+40787]&#10;	Ordinal0 [0x00879B12+39698]&#10;	GetHandleVerifier [0x00B81468+2907368]&#10;	GetHandleVerifier [0x009C71EE+1096302]&#10;	GetHandleVerifier [0x00983E8D+821005]&#10;	GetHandleVerifier [0x0098396B+819691]&#10;	GetHandleVerifier [0x00983881+819457]&#10;	GetHandleVerifier [0x009AF463+998627]&#10;	BaseThreadInitThunk [0x75ABFA29+25]&#10;	RtlGetAppContainerNamedObjectPath [0x77C476B4+228]&#10;	RtlGetAppContainerNamedObjectPath [0x77C47684+180]&#10;"/>
  </testcase>
  <testcase name="validateCreateNewContact" classname="com.crm.qa.testcases.ContactsPageTest" time="0">
    <skipped message="session not created&#10;from timeout: Timed out receiving message from renderer: 600.000&#10;  (Session info: chrome=88.0.4324.150)&#10;Build info: version: &apos;3.141.59&apos;, revision: &apos;e82be7d358&apos;, time: &apos;2018-11-14T08:17:03&apos;&#10;System info: host: &apos;DESKTOP-25I7L6M&apos;, ip: &apos;192.168.43.132&apos;, os.name: &apos;Windows 10&apos;, os.arch: &apos;amd64&apos;, os.version: &apos;10.0&apos;, java.version: &apos;1.8.0_251&apos;&#10;Driver info: driver.version: ChromeDriver&#10;remote stacktrace: Backtrace:&#10;	GetHandleVerifier [0x008BB963+483]&#10;	GetHandleVerifier [0x008BB941+449]&#10;	GetHandleVerifier [0x00C63308+3832712]&#10;	GetHandleVerifier [0x00C5778C+3784716]&#10;	GetHandleVerifier [0x00C56A47+3781319]&#10;	GetHandleVerifier [0x00C56E36+3782326]&#10;	GetHandleVerifier [0x00C56765+3780581]&#10;	GetHandleVerifier [0x00C5FB21+3818401]&#10;	GetHandleVerifier [0x00C56721+3780513]&#10;	GetHandleVerifier [0x00C574B2+3783986]&#10;	GetHandleVerifier [0x00C56A47+3781319]&#10;	GetHandleVerifier [0x00C56E36+3782326]&#10;	GetHandleVerifier [0x00C56765+3780581]&#10;	GetHandleVerifier [0x00C5DF9C+3811356]&#10;	GetHandleVerifier [0x00C56721+3780513]&#10;	GetHandleVerifier [0x00C574B2+3783986]&#10;	GetHandleVerifier [0x00C56A47+3781319]&#10;	GetHandleVerifier [0x00C56E36+3782326]&#10;	GetHandleVerifier [0x00C56765+3780581]&#10;	GetHandleVerifier [0x00C5C392+3804178]&#10;	GetHandleVerifier [0x00C56721+3780513]&#10;	GetHandleVerifier [0x00C574B2+3783986]&#10;	GetHandleVerifier [0x00C56A47+3781319]&#10;	GetHandleVerifier [0x00C56E36+3782326]&#10;	GetHandleVerifier [0x00C56765+3780581]&#10;	GetHandleVerifier [0x00C5B655+3800789]&#10;	GetHandleVerifier [0x00C56721+3780513]&#10;	GetHandleVerifier [0x00C574B2+3783986]&#10;	GetHandleVerifier [0x00C56A47+3781319]&#10;	GetHandleVerifier [0x00C56E36+3782326]&#10;	GetHandleVerifier [0x00C56765+3780581]&#10;	GetHandleVerifier [0x00C52F46+3766214]&#10;	GetHandleVerifier [0x00C56721+3780513]&#10;	GetHandleVerifier [0x00C56543+3780035]&#10;	GetHandleVerifier [0x00C56337+3779511]&#10;	GetHandleVerifier [0x00C64540+3837376]&#10;	GetHandleVerifier [0x00C9F4BC+4078908]&#10;	GetHandleVerifier [0x00C9E56C+4074988]&#10;	GetHandleVerifier [0x00C9B2EB+4062059]&#10;	GetHandleVerifier [0x00C7ED14+3945876]&#10;	GetHandleVerifier [0x00C7FBCE+3949646]&#10;	GetHandleVerifier [0x00C7FB59+3949529]&#10;	Ordinal0 [0x0087B5CC+46540]&#10;	Ordinal0 [0x00879F53+40787]&#10;	Ordinal0 [0x00879B12+39698]&#10;	GetHandleVerifier [0x00B81468+2907368]&#10;	GetHandleVerifier [0x009C71EE+1096302]&#10;	GetHandleVerifier [0x00983E8D+821005]&#10;	GetHandleVerifier [0x0098396B+819691]&#10;	GetHandleVerifier [0x00983881+819457]&#10;	GetHandleVerifier [0x009AF463+998627]&#10;	BaseThreadInitThunk [0x75ABFA29+25]&#10;	RtlGetAppContainerNamedObjectPath [0x77C476B4+228]&#10;	RtlGetAppContainerNamedObjectPath [0x77C47684+180]&#10;"/>
  </testcase>
  <testcase name="setup" classname="com.crm.qa.testcases.ContactsPageTest" time="623.086">
    <failure message="session not created&#10;from timeout: Timed out receiving message from renderer: 600.000&#10;  (Session info: chrome=88.0.4324.150)&#10;Build info: version: &apos;3.141.59&apos;, revision: &apos;e82be7d358&apos;, time: &apos;2018-11-14T08:17:03&apos;&#10;System info: host: &apos;DESKTOP-25I7L6M&apos;, ip: &apos;192.168.43.132&apos;, os.name: &apos;Windows 10&apos;, os.arch: &apos;amd64&apos;, os.version: &apos;10.0&apos;, java.version: &apos;1.8.0_251&apos;&#10;Driver info: driver.version: ChromeDriver&#10;remote stacktrace: Backtrace:&#10;	GetHandleVerifier [0x008BB963+483]&#10;	GetHandleVerifier [0x008BB941+449]&#10;	GetHandleVerifier [0x00C63308+3832712]&#10;	GetHandleVerifier [0x00C5778C+3784716]&#10;	GetHandleVerifier [0x00C56A47+3781319]&#10;	GetHandleVerifier [0x00C56E36+3782326]&#10;	GetHandleVerifier [0x00C56765+3780581]&#10;	GetHandleVerifier [0x00C5FB21+3818401]&#10;	GetHandleVerifier [0x00C56721+3780513]&#10;	GetHandleVerifier [0x00C574B2+3783986]&#10;	GetHandleVerifier [0x00C56A47+3781319]&#10;	GetHandleVerifier [0x00C56E36+3782326]&#10;	GetHandleVerifier [0x00C56765+3780581]&#10;	GetHandleVerifier [0x00C5DF9C+3811356]&#10;	GetHandleVerifier [0x00C56721+3780513]&#10;	GetHandleVerifier [0x00C574B2+3783986]&#10;	GetHandleVerifier [0x00C56A47+3781319]&#10;	GetHandleVerifier [0x00C56E36+3782326]&#10;	GetHandleVerifier [0x00C56765+3780581]&#10;	GetHandleVerifier [0x00C5C392+3804178]&#10;	GetHandleVerifier [0x00C56721+3780513]&#10;	GetHandleVerifier [0x00C574B2+3783986]&#10;	GetHandleVerifier [0x00C56A47+3781319]&#10;	GetHandleVerifier [0x00C56E36+3782326]&#10;	GetHandleVerifier [0x00C56765+3780581]&#10;	GetHandleVerifier [0x00C5B655+3800789]&#10;	GetHandleVerifier [0x00C56721+3780513]&#10;	GetHandleVerifier [0x00C574B2+3783986]&#10;	GetHandleVerifier [0x00C56A47+3781319]&#10;	GetHandleVerifier [0x00C56E36+3782326]&#10;	GetHandleVerifier [0x00C56765+3780581]&#10;	GetHandleVerifier [0x00C52F46+3766214]&#10;	GetHandleVerifier [0x00C56721+3780513]&#10;	GetHandleVerifier [0x00C56543+3780035]&#10;	GetHandleVerifier [0x00C56337+3779511]&#10;	GetHandleVerifier [0x00C64540+3837376]&#10;	GetHandleVerifier [0x00C9F4BC+4078908]&#10;	GetHandleVerifier [0x00C9E56C+4074988]&#10;	GetHandleVerifier [0x00C9B2EB+4062059]&#10;	GetHandleVerifier [0x00C7ED14+3945876]&#10;	GetHandleVerifier [0x00C7FBCE+3949646]&#10;	GetHandleVerifier [0x00C7FB59+3949529]&#10;	Ordinal0 [0x0087B5CC+46540]&#10;	Ordinal0 [0x00879F53+40787]&#10;	Ordinal0 [0x00879B12+39698]&#10;	GetHandleVerifier [0x00B81468+2907368]&#10;	GetHandleVerifier [0x009C71EE+1096302]&#10;	GetHandleVerifier [0x00983E8D+821005]&#10;	GetHandleVerifier [0x0098396B+819691]&#10;	GetHandleVerifier [0x00983881+819457]&#10;	GetHandleVerifier [0x009AF463+998627]&#10;	BaseThreadInitThunk [0x75ABFA29+25]&#10;	RtlGetAppContainerNamedObjectPath [0x77C476B4+228]&#10;	RtlGetAppContainerNamedObjectPath [0x77C47684+180]&#10;" type="org.openqa.selenium.SessionNotCreatedException">org.openqa.selenium.SessionNotCreatedException: 
session not created
from timeout: Timed out receiving message from renderer: 600.000
  (Session info: chrome=88.0.4324.150)
Build info: version: '3.141.59', revision: 'e82be7d358', time: '2018-11-14T08:17:03'
System info: host: 'DESKTOP-25I7L6M', ip: '192.168.43.132', os.name: 'Windows 10', os.arch: 'amd64', os.version: '10.0', java.version: '1.8.0_251'
Driver info: driver.version: ChromeDriver
remote stacktrace: Backtrace:
	GetHandleVerifier [0x008BB963+483]
	GetHandleVerifier [0x008BB941+449]
	GetHandleVerifier [0x00C63308+3832712]
	GetHandleVerifier [0x00C5778C+3784716]
	GetHandleVerifier [0x00C56A47+3781319]
	GetHandleVerifier [0x00C56E36+3782326]
	GetHandleVerifier [0x00C56765+3780581]
	GetHandleVerifier [0x00C5FB21+3818401]
	GetHandleVerifier [0x00C56721+3780513]
	GetHandleVerifier [0x00C574B2+3783986]
	GetHandleVerifier [0x00C56A47+3781319]
	GetHandleVerifier [0x00C56E36+3782326]
	GetHandleVerifier [0x00C56765+3780581]
	GetHandleVerifier [0x00C5DF9C+3811356]
	GetHandleVerifier [0x00C56721+3780513]
	GetHandleVerifier [0x00C574B2+3783986]
	GetHandleVerifier [0x00C56A47+3781319]
	GetHandleVerifier [0x00C56E36+3782326]
	GetHandleVerifier [0x00C56765+3780581]
	GetHandleVerifier [0x00C5C392+3804178]
	GetHandleVerifier [0x00C56721+3780513]
	GetHandleVerifier [0x00C574B2+3783986]
	GetHandleVerifier [0x00C56A47+3781319]
	GetHandleVerifier [0x00C56E36+3782326]
	GetHandleVerifier [0x00C56765+3780581]
	GetHandleVerifier [0x00C5B655+3800789]
	GetHandleVerifier [0x00C56721+3780513]
	GetHandleVerifier [0x00C574B2+3783986]
	GetHandleVerifier [0x00C56A47+3781319]
	GetHandleVerifier [0x00C56E36+3782326]
	GetHandleVerifier [0x00C56765+3780581]
	GetHandleVerifier [0x00C52F46+3766214]
	GetHandleVerifier [0x00C56721+3780513]
	GetHandleVerifier [0x00C56543+3780035]
	GetHandleVerifier [0x00C56337+3779511]
	GetHandleVerifier [0x00C64540+3837376]
	GetHandleVerifier [0x00C9F4BC+4078908]
	GetHandleVerifier [0x00C9E56C+4074988]
	GetHandleVerifier [0x00C9B2EB+4062059]
	GetHandleVerifier [0x00C7ED14+3945876]
	GetHandleVerifier [0x00C7FBCE+3949646]
	GetHandleVerifier [0x00C7FB59+3949529]
	Ordinal0 [0x0087B5CC+46540]
	Ordinal0 [0x00879F53+40787]
	Ordinal0 [0x00879B12+39698]
	GetHandleVerifier [0x00B81468+2907368]
	GetHandleVerifier [0x009C71EE+1096302]
	GetHandleVerifier [0x00983E8D+821005]
	GetHandleVerifier [0x0098396B+819691]
	GetHandleVerifier [0x00983881+819457]
	GetHandleVerifier [0x009AF463+998627]
	BaseThreadInitThunk [0x75ABFA29+25]
	RtlGetAppContainerNamedObjectPath [0x77C476B4+228]
	RtlGetAppContainerNamedObjectPath [0x77C47684+180]

	at com.crm.qa.testcases.ContactsPageTest.setup(ContactsPageTest.java:30)
</failure>
    <system-err><![CDATA[Starting ChromeDriver 88.0.4324.96 (68dba2d8a0b149a1d3afac56fa74648032bcf46b-refs/branch-heads/4324@{#1784}) on port 41195
Only local connections are allowed.
Please see https://chromedriver.chromium.org/security-considerations for suggestions on keeping ChromeDriver safe.
ChromeDriver was started successfully.
[1612672964.009][SEVERE]: Timed out receiving message from renderer: 600.000
]]></system-err>
  </testcase>
  <testcase name="setup" classname="com.crm.qa.testcases.ContactsPageTest" time="0">
    <skipped/>
  </testcase>
  <testcase name="tearDown" classname="com.crm.qa.testcases.ContactsPageTest" time="0">
    <skipped/>
  </testcase>
  <testcase name="tearDown" classname="com.crm.qa.testcases.ContactsPageTest" time="0">
    <skipped/>
  </testcase>
  <testcase name="verifyHomePageTitleTest" classname="com.crm.qa.testcases.HomePageTest" time="0.081"/>
  <testcase name="setup" classname="com.crm.qa.testcases.HomePageTest" time="607.515">
    <failure message="session not created&#10;from timeout: Timed out receiving message from renderer: 600.000&#10;  (Session info: chrome=88.0.4324.150)&#10;Build info: version: &apos;3.141.59&apos;, revision: &apos;e82be7d358&apos;, time: &apos;2018-11-14T08:17:03&apos;&#10;System info: host: &apos;DESKTOP-25I7L6M&apos;, ip: &apos;192.168.43.132&apos;, os.name: &apos;Windows 10&apos;, os.arch: &apos;amd64&apos;, os.version: &apos;10.0&apos;, java.version: &apos;1.8.0_251&apos;&#10;Driver info: driver.version: ChromeDriver&#10;remote stacktrace: Backtrace:&#10;	GetHandleVerifier [0x008BB963+483]&#10;	GetHandleVerifier [0x008BB941+449]&#10;	GetHandleVerifier [0x00C63308+3832712]&#10;	GetHandleVerifier [0x00C5778C+3784716]&#10;	GetHandleVerifier [0x00C56A47+3781319]&#10;	GetHandleVerifier [0x00C56E36+3782326]&#10;	GetHandleVerifier [0x00C56765+3780581]&#10;	GetHandleVerifier [0x00C5C420+3804320]&#10;	GetHandleVerifier [0x00C56721+3780513]&#10;	GetHandleVerifier [0x00C574B2+3783986]&#10;	GetHandleVerifier [0x00C56A47+3781319]&#10;	GetHandleVerifier [0x00C56E36+3782326]&#10;	GetHandleVerifier [0x00C56765+3780581]&#10;	GetHandleVerifier [0x00C5B655+3800789]&#10;	GetHandleVerifier [0x00C56721+3780513]&#10;	GetHandleVerifier [0x00C574B2+3783986]&#10;	GetHandleVerifier [0x00C56A47+3781319]&#10;	GetHandleVerifier [0x00C56E36+3782326]&#10;	GetHandleVerifier [0x00C56765+3780581]&#10;	GetHandleVerifier [0x00C52F46+3766214]&#10;	GetHandleVerifier [0x00C56721+3780513]&#10;	GetHandleVerifier [0x00C56543+3780035]&#10;	GetHandleVerifier [0x00C56337+3779511]&#10;	GetHandleVerifier [0x00C64540+3837376]&#10;	GetHandleVerifier [0x00C9F4BC+4078908]&#10;	GetHandleVerifier [0x00C9E56C+4074988]&#10;	GetHandleVerifier [0x00C9B2EB+4062059]&#10;	GetHandleVerifier [0x00C7ED14+3945876]&#10;	GetHandleVerifier [0x00C7FBCE+3949646]&#10;	GetHandleVerifier [0x00C7FB59+3949529]&#10;	Ordinal0 [0x0087B5CC+46540]&#10;	Ordinal0 [0x00879F53+40787]&#10;	Ordinal0 [0x00879B12+39698]&#10;	GetHandleVerifier [0x00B81468+2907368]&#10;	GetHandleVerifier [0x009C71EE+1096302]&#10;	GetHandleVerifier [0x00983E8D+821005]&#10;	GetHandleVerifier [0x0098396B+819691]&#10;	GetHandleVerifier [0x00983881+819457]&#10;	GetHandleVerifier [0x009AF463+998627]&#10;	BaseThreadInitThunk [0x75ABFA29+25]&#10;	RtlGetAppContainerNamedObjectPath [0x77C476B4+228]&#10;	RtlGetAppContainerNamedObjectPath [0x77C47684+180]&#10;" type="org.openqa.selenium.SessionNotCreatedException">org.openqa.selenium.SessionNotCreatedException: 
session not created
from timeout: Timed out receiving message from renderer: 600.000
  (Session info: chrome=88.0.4324.150)
Build info: version: '3.141.59', revision: 'e82be7d358', time: '2018-11-14T08:17:03'
System info: host: 'DESKTOP-25I7L6M', ip: '192.168.43.132', os.name: 'Windows 10', os.arch: 'amd64', os.version: '10.0', java.version: '1.8.0_251'
Driver info: driver.version: ChromeDriver
remote stacktrace: Backtrace:
	GetHandleVerifier [0x008BB963+483]
	GetHandleVerifier [0x008BB941+449]
	GetHandleVerifier [0x00C63308+3832712]
	GetHandleVerifier [0x00C5778C+3784716]
	GetHandleVerifier [0x00C56A47+3781319]
	GetHandleVerifier [0x00C56E36+3782326]
	GetHandleVerifier [0x00C56765+3780581]
	GetHandleVerifier [0x00C5C420+3804320]
	GetHandleVerifier [0x00C56721+3780513]
	GetHandleVerifier [0x00C574B2+3783986]
	GetHandleVerifier [0x00C56A47+3781319]
	GetHandleVerifier [0x00C56E36+3782326]
	GetHandleVerifier [0x00C56765+3780581]
	GetHandleVerifier [0x00C5B655+3800789]
	GetHandleVerifier [0x00C56721+3780513]
	GetHandleVerifier [0x00C574B2+3783986]
	GetHandleVerifier [0x00C56A47+3781319]
	GetHandleVerifier [0x00C56E36+3782326]
	GetHandleVerifier [0x00C56765+3780581]
	GetHandleVerifier [0x00C52F46+3766214]
	GetHandleVerifier [0x00C56721+3780513]
	GetHandleVerifier [0x00C56543+3780035]
	GetHandleVerifier [0x00C56337+3779511]
	GetHandleVerifier [0x00C64540+3837376]
	GetHandleVerifier [0x00C9F4BC+4078908]
	GetHandleVerifier [0x00C9E56C+4074988]
	GetHandleVerifier [0x00C9B2EB+4062059]
	GetHandleVerifier [0x00C7ED14+3945876]
	GetHandleVerifier [0x00C7FBCE+3949646]
	GetHandleVerifier [0x00C7FB59+3949529]
	Ordinal0 [0x0087B5CC+46540]
	Ordinal0 [0x00879F53+40787]
	Ordinal0 [0x00879B12+39698]
	GetHandleVerifier [0x00B81468+2907368]
	GetHandleVerifier [0x009C71EE+1096302]
	GetHandleVerifier [0x00983E8D+821005]
	GetHandleVerifier [0x0098396B+819691]
	GetHandleVerifier [0x00983881+819457]
	GetHandleVerifier [0x009AF463+998627]
	BaseThreadInitThunk [0x75ABFA29+25]
	RtlGetAppContainerNamedObjectPath [0x77C476B4+228]
	RtlGetAppContainerNamedObjectPath [0x77C47684+180]

	at com.crm.qa.testcases.HomePageTest.setup(HomePageTest.java:29)
</failure>
    <system-err><![CDATA[Starting ChromeDriver 88.0.4324.96 (68dba2d8a0b149a1d3afac56fa74648032bcf46b-refs/branch-heads/4324@{#1784}) on port 36582
Only local connections are allowed.
Please see https://chromedriver.chromium.org/security-considerations for suggestions on keeping ChromeDriver safe.
ChromeDriver was started successfully.
[1612673593.463][SEVERE]: Timed out receiving message from renderer: 600.000
]]></system-err>
  </testcase>
  <testcase name="setup" classname="com.crm.qa.testcases.HomePageTest" time="0">
    <skipped/>
  </testcase>
  <testcase name="verifyUserNameTest" classname="com.crm.qa.testcases.HomePageTest" time="0">
    <skipped message="session not created&#10;from timeout: Timed out receiving message from renderer: 600.000&#10;  (Session info: chrome=88.0.4324.150)&#10;Build info: version: &apos;3.141.59&apos;, revision: &apos;e82be7d358&apos;, time: &apos;2018-11-14T08:17:03&apos;&#10;System info: host: &apos;DESKTOP-25I7L6M&apos;, ip: &apos;192.168.43.132&apos;, os.name: &apos;Windows 10&apos;, os.arch: &apos;amd64&apos;, os.version: &apos;10.0&apos;, java.version: &apos;1.8.0_251&apos;&#10;Driver info: driver.version: ChromeDriver&#10;remote stacktrace: Backtrace:&#10;	GetHandleVerifier [0x008BB963+483]&#10;	GetHandleVerifier [0x008BB941+449]&#10;	GetHandleVerifier [0x00C63308+3832712]&#10;	GetHandleVerifier [0x00C5778C+3784716]&#10;	GetHandleVerifier [0x00C56A47+3781319]&#10;	GetHandleVerifier [0x00C56E36+3782326]&#10;	GetHandleVerifier [0x00C56765+3780581]&#10;	GetHandleVerifier [0x00C5C420+3804320]&#10;	GetHandleVerifier [0x00C56721+3780513]&#10;	GetHandleVerifier [0x00C574B2+3783986]&#10;	GetHandleVerifier [0x00C56A47+3781319]&#10;	GetHandleVerifier [0x00C56E36+3782326]&#10;	GetHandleVerifier [0x00C56765+3780581]&#10;	GetHandleVerifier [0x00C5B655+3800789]&#10;	GetHandleVerifier [0x00C56721+3780513]&#10;	GetHandleVerifier [0x00C574B2+3783986]&#10;	GetHandleVerifier [0x00C56A47+3781319]&#10;	GetHandleVerifier [0x00C56E36+3782326]&#10;	GetHandleVerifier [0x00C56765+3780581]&#10;	GetHandleVerifier [0x00C52F46+3766214]&#10;	GetHandleVerifier [0x00C56721+3780513]&#10;	GetHandleVerifier [0x00C56543+3780035]&#10;	GetHandleVerifier [0x00C56337+3779511]&#10;	GetHandleVerifier [0x00C64540+3837376]&#10;	GetHandleVerifier [0x00C9F4BC+4078908]&#10;	GetHandleVerifier [0x00C9E56C+4074988]&#10;	GetHandleVerifier [0x00C9B2EB+4062059]&#10;	GetHandleVerifier [0x00C7ED14+3945876]&#10;	GetHandleVerifier [0x00C7FBCE+3949646]&#10;	GetHandleVerifier [0x00C7FB59+3949529]&#10;	Ordinal0 [0x0087B5CC+46540]&#10;	Ordinal0 [0x00879F53+40787]&#10;	Ordinal0 [0x00879B12+39698]&#10;	GetHandleVerifier [0x00B81468+2907368]&#10;	GetHandleVerifier [0x009C71EE+1096302]&#10;	GetHandleVerifier [0x00983E8D+821005]&#10;	GetHandleVerifier [0x0098396B+819691]&#10;	GetHandleVerifier [0x00983881+819457]&#10;	GetHandleVerifier [0x009AF463+998627]&#10;	BaseThreadInitThunk [0x75ABFA29+25]&#10;	RtlGetAppContainerNamedObjectPath [0x77C476B4+228]&#10;	RtlGetAppContainerNamedObjectPath [0x77C47684+180]&#10;"/>
  </testcase>
  <testcase name="tearDown" classname="com.crm.qa.testcases.HomePageTest" time="0">
    <skipped/>
  </testcase>
  <testcase name="tearDown" classname="com.crm.qa.testcases.HomePageTest" time="0">
    <skipped/>
  </testcase>
  <testcase name="verifyContactsLinkTest" classname="com.crm.qa.testcases.HomePageTest" time="0">
    <skipped message="session not created&#10;from timeout: Timed out receiving message from renderer: 600.000&#10;  (Session info: chrome=88.0.4324.150)&#10;Build info: version: &apos;3.141.59&apos;, revision: &apos;e82be7d358&apos;, time: &apos;2018-11-14T08:17:03&apos;&#10;System info: host: &apos;DESKTOP-25I7L6M&apos;, ip: &apos;192.168.43.132&apos;, os.name: &apos;Windows 10&apos;, os.arch: &apos;amd64&apos;, os.version: &apos;10.0&apos;, java.version: &apos;1.8.0_251&apos;&#10;Driver info: driver.version: ChromeDriver&#10;remote stacktrace: Backtrace:&#10;	GetHandleVerifier [0x008BB963+483]&#10;	GetHandleVerifier [0x008BB941+449]&#10;	GetHandleVerifier [0x00C63308+3832712]&#10;	GetHandleVerifier [0x00C5778C+3784716]&#10;	GetHandleVerifier [0x00C56A47+3781319]&#10;	GetHandleVerifier [0x00C56E36+3782326]&#10;	GetHandleVerifier [0x00C56765+3780581]&#10;	GetHandleVerifier [0x00C5C420+3804320]&#10;	GetHandleVerifier [0x00C56721+3780513]&#10;	GetHandleVerifier [0x00C574B2+3783986]&#10;	GetHandleVerifier [0x00C56A47+3781319]&#10;	GetHandleVerifier [0x00C56E36+3782326]&#10;	GetHandleVerifier [0x00C56765+3780581]&#10;	GetHandleVerifier [0x00C5B655+3800789]&#10;	GetHandleVerifier [0x00C56721+3780513]&#10;	GetHandleVerifier [0x00C574B2+3783986]&#10;	GetHandleVerifier [0x00C56A47+3781319]&#10;	GetHandleVerifier [0x00C56E36+3782326]&#10;	GetHandleVerifier [0x00C56765+3780581]&#10;	GetHandleVerifier [0x00C52F46+3766214]&#10;	GetHandleVerifier [0x00C56721+3780513]&#10;	GetHandleVerifier [0x00C56543+3780035]&#10;	GetHandleVerifier [0x00C56337+3779511]&#10;	GetHandleVerifier [0x00C64540+3837376]&#10;	GetHandleVerifier [0x00C9F4BC+4078908]&#10;	GetHandleVerifier [0x00C9E56C+4074988]&#10;	GetHandleVerifier [0x00C9B2EB+4062059]&#10;	GetHandleVerifier [0x00C7ED14+3945876]&#10;	GetHandleVerifier [0x00C7FBCE+3949646]&#10;	GetHandleVerifier [0x00C7FB59+3949529]&#10;	Ordinal0 [0x0087B5CC+46540]&#10;	Ordinal0 [0x00879F53+40787]&#10;	Ordinal0 [0x00879B12+39698]&#10;	GetHandleVerifier [0x00B81468+2907368]&#10;	GetHandleVerifier [0x009C71EE+1096302]&#10;	GetHandleVerifier [0x00983E8D+821005]&#10;	GetHandleVerifier [0x0098396B+819691]&#10;	GetHandleVerifier [0x00983881+819457]&#10;	GetHandleVerifier [0x009AF463+998627]&#10;	BaseThreadInitThunk [0x75ABFA29+25]&#10;	RtlGetAppContainerNamedObjectPath [0x77C476B4+228]&#10;	RtlGetAppContainerNamedObjectPath [0x77C47684+180]&#10;"/>
  </testcase>
  <testcase name="loginPageTitleTest" classname="com.crm.qa.testcases.LoginPageTest" time="0.019"/>
  <testcase name="loginTest" classname="com.crm.qa.testcases.LoginPageTest" time="1.294"/>
</testsuite>